[00:18:57] Recreating project from /home/yuion/0.project/+Lab/scala/real-world-scala3
[00:18:57] Read deprecated `mavenDependencies` in smithy-build.json. Update smithy-build.json to {"maven": {"dependencies": ["dependencyA", "dependencyB"]}}
[00:18:57] Loaded build extensions SmithyBuildExtensions(repositories = [], artifacts = [com.disneystreaming.smithy4s:allot-2.13:latest.stable], imports = []) from /home/yuion/0.project/+Lab/scala/real-world-scala3/smithy-build.json
[00:18:57] Imports from config: [/home/yuion/0.project/+Lab/scala/real-world-scala3] will be resolved against root /home/yuion/0.project/+Lab/scala/real-world-scala3
[00:18:57] Discovered smithy files: [/home/yuion/0.project/+Lab/scala/real-world-scala3/modules/shared/target/jvm-3/src_managed/main/smithy/generated-metadata.smithy, /home/yuion/0.project/+Lab/scala/real-world-scala3/modules/shared/target/jvm-3/resource_managed/main/META-INF/smithy/hello.smithy, /home/yuion/0.project/+Lab/scala/real-world-scala3/modules/shared/target/jvm-3/resource_managed/main/META-INF/smithy/_globals.smithy, /home/yuion/0.project/+Lab/scala/real-world-scala3/modules/shared/target/jvm-3/resource_managed/main/META-INF/smithy/_refinements.smithy, /home/yuion/0.project/+Lab/scala/real-world-scala3/modules/shared/target/jvm-3/resource_managed/main/META-INF/smithy/smithy4s.tracking.smithy, /home/yuion/0.project/+Lab/scala/real-world-scala3/modules/shared/target/jvm-3/resource_managed/main/META-INF/smithy/generated-metadata.smithy, /home/yuion/0.project/+Lab/scala/real-world-scala3/modules/shared/target/jvm-3/resource_managed/main/META-INF/smithy/users.smithy, /home/yuion/0.project/+Lab/scala/real-world-scala3/modules/shared/target/jvm-3/classes/META-INF/smithy/_globals.smithy, /home/yuion/0.project/+Lab/scala/real-world-scala3/modules/shared/target/jvm-3/classes/META-INF/smithy/_refinements.smithy, /home/yuion/0.project/+Lab/scala/real-world-scala3/modules/shared/target/jvm-3/classes/META-INF/smithy/smithy4s.tracking.smithy, /home/yuion/0.project/+Lab/scala/real-world-scala3/modules/shared/target/jvm-3/classes/META-INF/smithy/generated-metadata.smithy, /home/yuion/0.project/+Lab/scala/real-world-scala3/modules/shared/target/jvm-3/classes/META-INF/smithy/users.smithy, /home/yuion/0.project/+Lab/scala/real-world-scala3/modules/shared/target/js-3/src_managed/main/smithy/generated-metadata.smithy, /home/yuion/0.project/+Lab/scala/real-world-scala3/modules/shared/target/js-3/resource_managed/main/META-INF/smithy/hello.smithy, /home/yuion/0.project/+Lab/scala/real-world-scala3/modules/shared/target/js-3/resource_managed/main/META-INF/smithy/_globals.smithy, /home/yuion/0.project/+Lab/scala/real-world-scala3/modules/shared/target/js-3/resource_managed/main/META-INF/smithy/_refinements.smithy, /home/yuion/0.project/+Lab/scala/real-world-scala3/modules/shared/target/js-3/resource_managed/main/META-INF/smithy/smithy4s.tracking.smithy, /home/yuion/0.project/+Lab/scala/real-world-scala3/modules/shared/target/js-3/resource_managed/main/META-INF/smithy/generated-metadata.smithy, /home/yuion/0.project/+Lab/scala/real-world-scala3/modules/shared/target/js-3/resource_managed/main/META-INF/smithy/users.smithy, /home/yuion/0.project/+Lab/scala/real-world-scala3/modules/shared/target/js-3/classes/META-INF/smithy/_globals.smithy, /home/yuion/0.project/+Lab/scala/real-world-scala3/modules/shared/target/js-3/classes/META-INF/smithy/_refinements.smithy, /home/yuion/0.project/+Lab/scala/real-world-scala3/modules/shared/target/js-3/classes/META-INF/smithy/smithy4s.tracking.smithy, /home/yuion/0.project/+Lab/scala/real-world-scala3/modules/shared/target/js-3/classes/META-INF/smithy/generated-metadata.smithy, /home/yuion/0.project/+Lab/scala/real-world-scala3/modules/shared/target/js-3/classes/META-INF/smithy/users.smithy, /home/yuion/0.project/+Lab/scala/real-world-scala3/modules/shared/src/main/smithy/_globals.smithy, /home/yuion/0.project/+Lab/scala/real-world-scala3/modules/shared/src/main/smithy/_refinements.smithy, /home/yuion/0.project/+Lab/scala/real-world-scala3/modules/shared/src/main/smithy/users.smithy]
[00:18:57] Downloading external dependencies for SmithyBuildExtensions(repositories = [], artifacts = [com.disneystreaming.smithy4s:allot-2.13:latest.stable], imports = [])
[00:18:57] maven.repositories is not defined in smithy-build.json and the SMITHY_MAVEN_REPOS environment variable is not set. Defaulting to Maven Central.
[00:18:57] Failed to download external jars for SmithyBuildExtensions(repositories = [], artifacts = [com.disneystreaming.smithy4s:allot-2.13:latest.stable], imports = []): software.amazon.smithy.cli.dependencies.DependencyResolverException: Gradle style latest dependencies are not supported: com.disneystreaming.smithy4s:allot-2.13:jar:latest.stable
[00:18:57] Downloaded external jars: []
[00:18:57] [SUPPRESSED] realworld.spec#GetProfileInput$auth: `Authorization` is not an allowed HTTP header binding () | HttpHeaderTrait /home/yuion/0.project/+Lab/scala/real-world-scala3/modules/shared/target/jvm-3/resource_managed/main/META-INF/smithy/users.smithy:120:5
[00:18:57] [SUPPRESSED] realworld.spec#GetUserInput$auth: `Authorization` is not an allowed HTTP header binding () | HttpHeaderTrait /home/yuion/0.project/+Lab/scala/real-world-scala3/modules/shared/target/jvm-3/resource_managed/main/META-INF/smithy/users.smithy:130:5
[00:18:57] [SUPPRESSED] realworld.spec#UpdateUserInput$auth: `Authorization` is not an allowed HTTP header binding () | HttpHeaderTrait /home/yuion/0.project/+Lab/scala/real-world-scala3/modules/shared/target/jvm-3/resource_managed/main/META-INF/smithy/users.smithy:177:5
[00:18:57] [SUPPRESSED] realworld.spec#UnfollowUserInput$auth: `Authorization` is not an allowed HTTP header binding () | HttpHeaderTrait /home/yuion/0.project/+Lab/scala/real-world-scala3/modules/shared/target/jvm-3/resource_managed/main/META-INF/smithy/users.smithy:93:5
[00:18:57] [SUPPRESSED] realworld.spec#FollowUserInput$auth: `Authorization` is not an allowed HTTP header binding () | HttpHeaderTrait /home/yuion/0.project/+Lab/scala/real-world-scala3/modules/shared/target/jvm-3/resource_managed/main/META-INF/smithy/users.smithy:107:5
[00:18:57] [WARNING] -: Use statement refers to undefined shape: alloy#simpleRestJson | Model /home/yuion/0.project/+Lab/scala/real-world-scala3/modules/shared/target/jvm-3/resource_managed/main/META-INF/smithy/hello.smithy:5:5
[00:18:57] [WARNING] -: Use statement refers to undefined shape: smithy4s.meta#refinement | Model /home/yuion/0.project/+Lab/scala/real-world-scala3/modules/shared/target/jvm-3/resource_managed/main/META-INF/smithy/_refinements.smithy:4:5
[00:18:57] [WARNING] -: Use statement refers to undefined shape: alloy#simpleRestJson | Model /home/yuion/0.project/+Lab/scala/real-world-scala3/modules/shared/target/jvm-3/resource_managed/main/META-INF/smithy/users.smithy:10:5
[00:18:57] [WARNING] -: Use statement refers to undefined shape: alloy#uuidFormat | Model /home/yuion/0.project/+Lab/scala/real-world-scala3/modules/shared/target/jvm-3/resource_managed/main/META-INF/smithy/users.smithy:11:5
[00:18:57] [WARNING] -: Use statement refers to undefined shape: alloy.common#emailFormat | Model /home/yuion/0.project/+Lab/scala/real-world-scala3/modules/shared/target/jvm-3/resource_managed/main/META-INF/smithy/users.smithy:12:5
[00:18:57] [WARNING] -: Use statement refers to undefined shape: smithy4s.meta#refinement | Model /home/yuion/0.project/+Lab/scala/real-world-scala3/modules/shared/target/jvm-3/classes/META-INF/smithy/_refinements.smithy:4:5
[00:18:57] [WARNING] -: Use statement refers to undefined shape: alloy#simpleRestJson | Model /home/yuion/0.project/+Lab/scala/real-world-scala3/modules/shared/target/jvm-3/classes/META-INF/smithy/users.smithy:10:5
[00:18:57] [WARNING] -: Use statement refers to undefined shape: alloy#uuidFormat | Model /home/yuion/0.project/+Lab/scala/real-world-scala3/modules/shared/target/jvm-3/classes/META-INF/smithy/users.smithy:11:5
[00:18:57] [WARNING] -: Use statement refers to undefined shape: alloy.common#emailFormat | Model /home/yuion/0.project/+Lab/scala/real-world-scala3/modules/shared/target/jvm-3/classes/META-INF/smithy/users.smithy:12:5
[00:18:57] [WARNING] -: Use statement refers to undefined shape: alloy#simpleRestJson | Model /home/yuion/0.project/+Lab/scala/real-world-scala3/modules/shared/target/js-3/resource_managed/main/META-INF/smithy/hello.smithy:5:5
[00:18:57] [WARNING] -: Use statement refers to undefined shape: smithy4s.meta#refinement | Model /home/yuion/0.project/+Lab/scala/real-world-scala3/modules/shared/target/js-3/resource_managed/main/META-INF/smithy/_refinements.smithy:4:5
[00:18:57] [WARNING] -: Use statement refers to undefined shape: alloy#simpleRestJson | Model /home/yuion/0.project/+Lab/scala/real-world-scala3/modules/shared/target/js-3/resource_managed/main/META-INF/smithy/users.smithy:10:5
[00:18:57] [WARNING] -: Use statement refers to undefined shape: alloy#uuidFormat | Model /home/yuion/0.project/+Lab/scala/real-world-scala3/modules/shared/target/js-3/resource_managed/main/META-INF/smithy/users.smithy:11:5
[00:18:57] [WARNING] -: Use statement refers to undefined shape: alloy.common#emailFormat | Model /home/yuion/0.project/+Lab/scala/real-world-scala3/modules/shared/target/js-3/resource_managed/main/META-INF/smithy/users.smithy:12:5
[00:18:57] [WARNING] -: Use statement refers to undefined shape: smithy4s.meta#refinement | Model /home/yuion/0.project/+Lab/scala/real-world-scala3/modules/shared/target/js-3/classes/META-INF/smithy/_refinements.smithy:4:5
[00:18:57] [WARNING] -: Use statement refers to undefined shape: alloy#simpleRestJson | Model /home/yuion/0.project/+Lab/scala/real-world-scala3/modules/shared/target/js-3/classes/META-INF/smithy/users.smithy:10:5
[00:18:57] [WARNING] -: Use statement refers to undefined shape: alloy#uuidFormat | Model /home/yuion/0.project/+Lab/scala/real-world-scala3/modules/shared/target/js-3/classes/META-INF/smithy/users.smithy:11:5
[00:18:57] [WARNING] -: Use statement refers to undefined shape: alloy.common#emailFormat | Model /home/yuion/0.project/+Lab/scala/real-world-scala3/modules/shared/target/js-3/classes/META-INF/smithy/users.smithy:12:5
[00:18:57] [WARNING] -: Use statement refers to undefined shape: smithy4s.meta#refinement | Model /home/yuion/0.project/+Lab/scala/real-world-scala3/modules/shared/src/main/smithy/_refinements.smithy:4:5
[00:18:57] [WARNING] -: Use statement refers to undefined shape: alloy#simpleRestJson | Model /home/yuion/0.project/+Lab/scala/real-world-scala3/modules/shared/src/main/smithy/users.smithy:10:5
[00:18:57] [WARNING] -: Use statement refers to undefined shape: alloy#uuidFormat | Model /home/yuion/0.project/+Lab/scala/real-world-scala3/modules/shared/src/main/smithy/users.smithy:11:5
[00:18:57] [WARNING] -: Use statement refers to undefined shape: alloy.common#emailFormat | Model /home/yuion/0.project/+Lab/scala/real-world-scala3/modules/shared/src/main/smithy/users.smithy:12:5
[00:18:57] [WARNING] realworld.spec#nonEmptyString: Unable to resolve trait `smithy4s.meta#refinement`. If this is a custom trait, then it must be defined before it can be used in a model. | Model.UnresolvedTrait /home/yuion/0.project/+Lab/scala/real-world-scala3/modules/shared/target/jvm-3/resource_managed/main/META-INF/smithy/_refinements.smithy:9:37
[00:18:57] [WARNING] realworld.spec#Email: Unable to resolve trait `alloy.common#emailFormat`. If this is a custom trait, then it must be defined before it can be used in a model. | Model.UnresolvedTrait /home/yuion/0.project/+Lab/scala/real-world-scala3/modules/shared/target/jvm-3/resource_managed/main/META-INF/smithy/users.smithy:221:1
[00:18:57] [WARNING] realworld.spec#UserService: Unable to resolve trait `alloy#simpleRestJson`. If this is a custom trait, then it must be defined before it can be used in a model. | Model.UnresolvedTrait /home/yuion/0.project/+Lab/scala/real-world-scala3/modules/shared/target/jvm-3/resource_managed/main/META-INF/smithy/users.smithy:18:1
[00:18:57] [WARNING] realworld.spec#HelloWorldService: Unable to resolve trait `alloy#simpleRestJson`. If this is a custom trait, then it must be defined before it can be used in a model. | Model.UnresolvedTrait /home/yuion/0.project/+Lab/scala/real-world-scala3/modules/shared/target/jvm-3/resource_managed/main/META-INF/smithy/hello.smithy:7:1
[00:18:57] [SUPPRESSED] realworld.spec#GetProfileInput$auth: `Authorization` is not an allowed HTTP header binding () | HttpHeaderTrait /home/yuion/0.project/+Lab/scala/real-world-scala3/modules/shared/target/jvm-3/resource_managed/main/META-INF/smithy/users.smithy:120:5
[00:18:57] [SUPPRESSED] realworld.spec#GetUserInput$auth: `Authorization` is not an allowed HTTP header binding () | HttpHeaderTrait /home/yuion/0.project/+Lab/scala/real-world-scala3/modules/shared/target/jvm-3/resource_managed/main/META-INF/smithy/users.smithy:130:5
[00:18:57] [SUPPRESSED] realworld.spec#UpdateUserInput$auth: `Authorization` is not an allowed HTTP header binding () | HttpHeaderTrait /home/yuion/0.project/+Lab/scala/real-world-scala3/modules/shared/target/jvm-3/resource_managed/main/META-INF/smithy/users.smithy:177:5
[00:18:57] [SUPPRESSED] realworld.spec#UnfollowUserInput$auth: `Authorization` is not an allowed HTTP header binding () | HttpHeaderTrait /home/yuion/0.project/+Lab/scala/real-world-scala3/modules/shared/target/jvm-3/resource_managed/main/META-INF/smithy/users.smithy:93:5
[00:18:57] [SUPPRESSED] realworld.spec#FollowUserInput$auth: `Authorization` is not an allowed HTTP header binding () | HttpHeaderTrait /home/yuion/0.project/+Lab/scala/real-world-scala3/modules/shared/target/jvm-3/resource_managed/main/META-INF/smithy/users.smithy:107:5
[00:18:57] [WARNING] -: Use statement refers to undefined shape: smithy4s.meta#refinement | Model /home/yuion/0.project/+Lab/scala/real-world-scala3/modules/shared/target/js-3/resource_managed/main/META-INF/smithy/_refinements.smithy:4:5
[00:18:57] [WARNING] -: Use statement refers to undefined shape: alloy#simpleRestJson | Model /home/yuion/0.project/+Lab/scala/real-world-scala3/modules/shared/target/jvm-3/resource_managed/main/META-INF/smithy/users.smithy:10:5
[00:18:57] [WARNING] -: Use statement refers to undefined shape: alloy#uuidFormat | Model /home/yuion/0.project/+Lab/scala/real-world-scala3/modules/shared/target/jvm-3/resource_managed/main/META-INF/smithy/users.smithy:11:5
[00:18:57] [WARNING] -: Use statement refers to undefined shape: alloy.common#emailFormat | Model /home/yuion/0.project/+Lab/scala/real-world-scala3/modules/shared/target/jvm-3/resource_managed/main/META-INF/smithy/users.smithy:12:5
[00:18:57] [WARNING] -: Use statement refers to undefined shape: smithy4s.meta#refinement | Model /home/yuion/0.project/+Lab/scala/real-world-scala3/modules/shared/target/js-3/classes/META-INF/smithy/_refinements.smithy:4:5
[00:18:57] [WARNING] -: Use statement refers to undefined shape: alloy#simpleRestJson | Model /home/yuion/0.project/+Lab/scala/real-world-scala3/modules/shared/target/jvm-3/classes/META-INF/smithy/users.smithy:10:5
[00:18:57] [WARNING] -: Use statement refers to undefined shape: alloy#uuidFormat | Model /home/yuion/0.project/+Lab/scala/real-world-scala3/modules/shared/target/jvm-3/classes/META-INF/smithy/users.smithy:11:5
[00:18:57] [WARNING] -: Use statement refers to undefined shape: alloy.common#emailFormat | Model /home/yuion/0.project/+Lab/scala/real-world-scala3/modules/shared/target/jvm-3/classes/META-INF/smithy/users.smithy:12:5
[00:18:57] [WARNING] -: Use statement refers to undefined shape: smithy4s.meta#refinement | Model /home/yuion/0.project/+Lab/scala/real-world-scala3/modules/shared/target/jvm-3/classes/META-INF/smithy/_refinements.smithy:4:5
[00:18:57] [WARNING] -: Use statement refers to undefined shape: smithy4s.meta#refinement | Model /home/yuion/0.project/+Lab/scala/real-world-scala3/modules/shared/src/main/smithy/_refinements.smithy:4:5
[00:18:57] [WARNING] -: Use statement refers to undefined shape: smithy4s.meta#refinement | Model /home/yuion/0.project/+Lab/scala/real-world-scala3/modules/shared/target/jvm-3/resource_managed/main/META-INF/smithy/_refinements.smithy:4:5
[00:18:57] [WARNING] -: Use statement refers to undefined shape: alloy#simpleRestJson | Model /home/yuion/0.project/+Lab/scala/real-world-scala3/modules/shared/target/jvm-3/resource_managed/main/META-INF/smithy/hello.smithy:5:5
[00:18:57] [WARNING] -: Use statement refers to undefined shape: alloy#simpleRestJson | Model /home/yuion/0.project/+Lab/scala/real-world-scala3/modules/shared/target/js-3/resource_managed/main/META-INF/smithy/users.smithy:10:5
[00:18:57] [WARNING] -: Use statement refers to undefined shape: alloy#uuidFormat | Model /home/yuion/0.project/+Lab/scala/real-world-scala3/modules/shared/target/js-3/resource_managed/main/META-INF/smithy/users.smithy:11:5
[00:18:57] [WARNING] -: Use statement refers to undefined shape: alloy.common#emailFormat | Model /home/yuion/0.project/+Lab/scala/real-world-scala3/modules/shared/target/js-3/resource_managed/main/META-INF/smithy/users.smithy:12:5
[00:18:57] [WARNING] -: Use statement refers to undefined shape: alloy#simpleRestJson | Model /home/yuion/0.project/+Lab/scala/real-world-scala3/modules/shared/src/main/smithy/users.smithy:10:5
[00:18:57] [WARNING] -: Use statement refers to undefined shape: alloy#uuidFormat | Model /home/yuion/0.project/+Lab/scala/real-world-scala3/modules/shared/src/main/smithy/users.smithy:11:5
[00:18:57] [WARNING] -: Use statement refers to undefined shape: alloy.common#emailFormat | Model /home/yuion/0.project/+Lab/scala/real-world-scala3/modules/shared/src/main/smithy/users.smithy:12:5
[00:18:57] [WARNING] -: Use statement refers to undefined shape: alloy#simpleRestJson | Model /home/yuion/0.project/+Lab/scala/real-world-scala3/modules/shared/target/js-3/resource_managed/main/META-INF/smithy/hello.smithy:5:5
[00:18:57] [WARNING] -: Use statement refers to undefined shape: alloy#simpleRestJson | Model /home/yuion/0.project/+Lab/scala/real-world-scala3/modules/shared/target/js-3/classes/META-INF/smithy/users.smithy:10:5
[00:18:57] [WARNING] -: Use statement refers to undefined shape: alloy#uuidFormat | Model /home/yuion/0.project/+Lab/scala/real-world-scala3/modules/shared/target/js-3/classes/META-INF/smithy/users.smithy:11:5
[00:18:57] [WARNING] -: Use statement refers to undefined shape: alloy.common#emailFormat | Model /home/yuion/0.project/+Lab/scala/real-world-scala3/modules/shared/target/js-3/classes/META-INF/smithy/users.smithy:12:5
[00:18:57] [WARNING] realworld.spec#nonEmptyString: Unable to resolve trait `smithy4s.meta#refinement`. If this is a custom trait, then it must be defined before it can be used in a model. | Model.UnresolvedTrait /home/yuion/0.project/+Lab/scala/real-world-scala3/modules/shared/target/js-3/resource_managed/main/META-INF/smithy/_refinements.smithy:9:37
[00:18:57] [WARNING] realworld.spec#Email: Unable to resolve trait `alloy.common#emailFormat`. If this is a custom trait, then it must be defined before it can be used in a model. | Model.UnresolvedTrait /home/yuion/0.project/+Lab/scala/real-world-scala3/modules/shared/target/jvm-3/resource_managed/main/META-INF/smithy/users.smithy:221:1
[00:18:57] [WARNING] realworld.spec#UserService: Unable to resolve trait `alloy#simpleRestJson`. If this is a custom trait, then it must be defined before it can be used in a model. | Model.UnresolvedTrait /home/yuion/0.project/+Lab/scala/real-world-scala3/modules/shared/target/jvm-3/resource_managed/main/META-INF/smithy/users.smithy:18:1
[00:18:57] [WARNING] realworld.spec#HelloWorldService: Unable to resolve trait `alloy#simpleRestJson`. If this is a custom trait, then it must be defined before it can be used in a model. | Model.UnresolvedTrait /home/yuion/0.project/+Lab/scala/real-world-scala3/modules/shared/target/jvm-3/resource_managed/main/META-INF/smithy/hello.smithy:7:1
[00:18:57] Recompiling /home/yuion/0.project/+Lab/scala/real-world-scala3/modules/shared/src/main/smithy/users.smithy (with temporary content Optional.empty) raised 31  diagnostics
[11:38:28] [SUPPRESSED] realworld.spec#GetProfileInput$auth: `Authorization` is not an allowed HTTP header binding () | HttpHeaderTrait /home/yuion/0.project/+Lab/scala/real-world-scala3/modules/shared/target/jvm-3/resource_managed/main/META-INF/smithy/users.smithy:120:5
[11:38:28] [SUPPRESSED] realworld.spec#GetUserInput$auth: `Authorization` is not an allowed HTTP header binding () | HttpHeaderTrait /home/yuion/0.project/+Lab/scala/real-world-scala3/modules/shared/target/jvm-3/resource_managed/main/META-INF/smithy/users.smithy:130:5
[11:38:28] [SUPPRESSED] realworld.spec#UpdateUserInput$auth: `Authorization` is not an allowed HTTP header binding () | HttpHeaderTrait /home/yuion/0.project/+Lab/scala/real-world-scala3/modules/shared/target/jvm-3/resource_managed/main/META-INF/smithy/users.smithy:177:5
[11:38:28] [SUPPRESSED] realworld.spec#UnfollowUserInput$auth: `Authorization` is not an allowed HTTP header binding () | HttpHeaderTrait /home/yuion/0.project/+Lab/scala/real-world-scala3/modules/shared/target/jvm-3/resource_managed/main/META-INF/smithy/users.smithy:93:5
[11:38:28] [SUPPRESSED] realworld.spec#FollowUserInput$auth: `Authorization` is not an allowed HTTP header binding () | HttpHeaderTrait /home/yuion/0.project/+Lab/scala/real-world-scala3/modules/shared/target/jvm-3/resource_managed/main/META-INF/smithy/users.smithy:107:5
[11:38:28] [WARNING] -: Use statement refers to undefined shape: smithy4s.meta#refinement | Model /home/yuion/0.project/+Lab/scala/real-world-scala3/modules/shared/target/js-3/resource_managed/main/META-INF/smithy/_refinements.smithy:4:5
[11:38:28] [WARNING] -: Use statement refers to undefined shape: alloy#simpleRestJson | Model /home/yuion/0.project/+Lab/scala/real-world-scala3/modules/shared/target/jvm-3/resource_managed/main/META-INF/smithy/users.smithy:10:5
[11:38:28] [WARNING] -: Use statement refers to undefined shape: alloy#uuidFormat | Model /home/yuion/0.project/+Lab/scala/real-world-scala3/modules/shared/target/jvm-3/resource_managed/main/META-INF/smithy/users.smithy:11:5
[11:38:28] [WARNING] -: Use statement refers to undefined shape: alloy.common#emailFormat | Model /home/yuion/0.project/+Lab/scala/real-world-scala3/modules/shared/target/jvm-3/resource_managed/main/META-INF/smithy/users.smithy:12:5
[11:38:28] [WARNING] -: Use statement refers to undefined shape: smithy4s.meta#refinement | Model /home/yuion/0.project/+Lab/scala/real-world-scala3/modules/shared/target/js-3/classes/META-INF/smithy/_refinements.smithy:4:5
[11:38:28] [WARNING] -: Use statement refers to undefined shape: alloy#simpleRestJson | Model /home/yuion/0.project/+Lab/scala/real-world-scala3/modules/shared/target/jvm-3/classes/META-INF/smithy/users.smithy:10:5
[11:38:28] [WARNING] -: Use statement refers to undefined shape: alloy#uuidFormat | Model /home/yuion/0.project/+Lab/scala/real-world-scala3/modules/shared/target/jvm-3/classes/META-INF/smithy/users.smithy:11:5
[11:38:28] [WARNING] -: Use statement refers to undefined shape: alloy.common#emailFormat | Model /home/yuion/0.project/+Lab/scala/real-world-scala3/modules/shared/target/jvm-3/classes/META-INF/smithy/users.smithy:12:5
[11:38:28] [WARNING] -: Use statement refers to undefined shape: smithy4s.meta#refinement | Model /home/yuion/0.project/+Lab/scala/real-world-scala3/modules/shared/target/jvm-3/classes/META-INF/smithy/_refinements.smithy:4:5
[11:38:28] [WARNING] -: Use statement refers to undefined shape: smithy4s.meta#refinement | Model /home/yuion/0.project/+Lab/scala/real-world-scala3/modules/shared/src/main/smithy/_refinements.smithy:4:5
[11:38:28] [WARNING] -: Use statement refers to undefined shape: smithy4s.meta#refinement | Model /home/yuion/0.project/+Lab/scala/real-world-scala3/modules/shared/target/jvm-3/resource_managed/main/META-INF/smithy/_refinements.smithy:4:5
[11:38:28] [WARNING] -: Use statement refers to undefined shape: alloy#simpleRestJson | Model /home/yuion/0.project/+Lab/scala/real-world-scala3/modules/shared/target/jvm-3/resource_managed/main/META-INF/smithy/hello.smithy:5:5
[11:38:28] [WARNING] -: Use statement refers to undefined shape: alloy#simpleRestJson | Model /home/yuion/0.project/+Lab/scala/real-world-scala3/modules/shared/target/js-3/resource_managed/main/META-INF/smithy/users.smithy:10:5
[11:38:28] [WARNING] -: Use statement refers to undefined shape: alloy#uuidFormat | Model /home/yuion/0.project/+Lab/scala/real-world-scala3/modules/shared/target/js-3/resource_managed/main/META-INF/smithy/users.smithy:11:5
[11:38:28] [WARNING] -: Use statement refers to undefined shape: alloy.common#emailFormat | Model /home/yuion/0.project/+Lab/scala/real-world-scala3/modules/shared/target/js-3/resource_managed/main/META-INF/smithy/users.smithy:12:5
[11:38:28] [WARNING] -: Use statement refers to undefined shape: alloy#simpleRestJson | Model /home/yuion/0.project/+Lab/scala/real-world-scala3/modules/shared/src/main/smithy/users.smithy:10:5
[11:38:28] [WARNING] -: Use statement refers to undefined shape: alloy#uuidFormat | Model /home/yuion/0.project/+Lab/scala/real-world-scala3/modules/shared/src/main/smithy/users.smithy:11:5
[11:38:28] [WARNING] -: Use statement refers to undefined shape: alloy.common#emailFormat | Model /home/yuion/0.project/+Lab/scala/real-world-scala3/modules/shared/src/main/smithy/users.smithy:12:5
[11:38:28] [WARNING] -: Use statement refers to undefined shape: alloy#simpleRestJson | Model /home/yuion/0.project/+Lab/scala/real-world-scala3/modules/shared/target/js-3/resource_managed/main/META-INF/smithy/hello.smithy:5:5
[11:38:28] [WARNING] -: Use statement refers to undefined shape: alloy#simpleRestJson | Model /home/yuion/0.project/+Lab/scala/real-world-scala3/modules/shared/target/js-3/classes/META-INF/smithy/users.smithy:10:5
[11:38:28] [WARNING] -: Use statement refers to undefined shape: alloy#uuidFormat | Model /home/yuion/0.project/+Lab/scala/real-world-scala3/modules/shared/target/js-3/classes/META-INF/smithy/users.smithy:11:5
[11:38:28] [WARNING] -: Use statement refers to undefined shape: alloy.common#emailFormat | Model /home/yuion/0.project/+Lab/scala/real-world-scala3/modules/shared/target/js-3/classes/META-INF/smithy/users.smithy:12:5
[11:38:28] [WARNING] realworld.spec#nonEmptyString: Unable to resolve trait `smithy4s.meta#refinement`. If this is a custom trait, then it must be defined before it can be used in a model. | Model.UnresolvedTrait /home/yuion/0.project/+Lab/scala/real-world-scala3/modules/shared/target/js-3/resource_managed/main/META-INF/smithy/_refinements.smithy:9:37
[11:38:28] [WARNING] realworld.spec#Email: Unable to resolve trait `alloy.common#emailFormat`. If this is a custom trait, then it must be defined before it can be used in a model. | Model.UnresolvedTrait /home/yuion/0.project/+Lab/scala/real-world-scala3/modules/shared/target/jvm-3/resource_managed/main/META-INF/smithy/users.smithy:221:1
[11:38:28] [WARNING] realworld.spec#UserService: Unable to resolve trait `alloy#simpleRestJson`. If this is a custom trait, then it must be defined before it can be used in a model. | Model.UnresolvedTrait /home/yuion/0.project/+Lab/scala/real-world-scala3/modules/shared/target/jvm-3/resource_managed/main/META-INF/smithy/users.smithy:18:1
[11:38:28] [WARNING] realworld.spec#HelloWorldService: Unable to resolve trait `alloy#simpleRestJson`. If this is a custom trait, then it must be defined before it can be used in a model. | Model.UnresolvedTrait /home/yuion/0.project/+Lab/scala/real-world-scala3/modules/shared/target/jvm-3/resource_managed/main/META-INF/smithy/hello.smithy:7:1
[11:38:28] Recompiling /home/yuion/0.project/+Lab/scala/real-world-scala3/modules/shared/target/js-3/classes/META-INF/smithy/users.smithy (with temporary content Optional.empty) raised 31  diagnostics
[11:38:30] [SUPPRESSED] realworld.spec#GetProfileInput$auth: `Authorization` is not an allowed HTTP header binding () | HttpHeaderTrait /home/yuion/0.project/+Lab/scala/real-world-scala3/modules/shared/target/jvm-3/resource_managed/main/META-INF/smithy/users.smithy:120:5
[11:38:30] [SUPPRESSED] realworld.spec#GetUserInput$auth: `Authorization` is not an allowed HTTP header binding () | HttpHeaderTrait /home/yuion/0.project/+Lab/scala/real-world-scala3/modules/shared/target/jvm-3/resource_managed/main/META-INF/smithy/users.smithy:130:5
[11:38:30] [SUPPRESSED] realworld.spec#UpdateUserInput$auth: `Authorization` is not an allowed HTTP header binding () | HttpHeaderTrait /home/yuion/0.project/+Lab/scala/real-world-scala3/modules/shared/target/jvm-3/resource_managed/main/META-INF/smithy/users.smithy:177:5
[11:38:30] [SUPPRESSED] realworld.spec#UnfollowUserInput$auth: `Authorization` is not an allowed HTTP header binding () | HttpHeaderTrait /home/yuion/0.project/+Lab/scala/real-world-scala3/modules/shared/target/jvm-3/resource_managed/main/META-INF/smithy/users.smithy:93:5
[11:38:30] [SUPPRESSED] realworld.spec#FollowUserInput$auth: `Authorization` is not an allowed HTTP header binding () | HttpHeaderTrait /home/yuion/0.project/+Lab/scala/real-world-scala3/modules/shared/target/jvm-3/resource_managed/main/META-INF/smithy/users.smithy:107:5
[11:38:30] [WARNING] -: Use statement refers to undefined shape: smithy4s.meta#refinement | Model /home/yuion/0.project/+Lab/scala/real-world-scala3/modules/shared/target/js-3/resource_managed/main/META-INF/smithy/_refinements.smithy:4:5
[11:38:30] [WARNING] -: Use statement refers to undefined shape: alloy#simpleRestJson | Model /home/yuion/0.project/+Lab/scala/real-world-scala3/modules/shared/target/jvm-3/resource_managed/main/META-INF/smithy/users.smithy:10:5
[11:38:30] [WARNING] -: Use statement refers to undefined shape: alloy#uuidFormat | Model /home/yuion/0.project/+Lab/scala/real-world-scala3/modules/shared/target/jvm-3/resource_managed/main/META-INF/smithy/users.smithy:11:5
[11:38:30] [WARNING] -: Use statement refers to undefined shape: alloy.common#emailFormat | Model /home/yuion/0.project/+Lab/scala/real-world-scala3/modules/shared/target/jvm-3/resource_managed/main/META-INF/smithy/users.smithy:12:5
[11:38:30] [WARNING] -: Use statement refers to undefined shape: smithy4s.meta#refinement | Model /home/yuion/0.project/+Lab/scala/real-world-scala3/modules/shared/target/js-3/classes/META-INF/smithy/_refinements.smithy:4:5
[11:38:30] [WARNING] -: Use statement refers to undefined shape: alloy#simpleRestJson | Model /home/yuion/0.project/+Lab/scala/real-world-scala3/modules/shared/target/jvm-3/classes/META-INF/smithy/users.smithy:10:5
[11:38:30] [WARNING] -: Use statement refers to undefined shape: alloy#uuidFormat | Model /home/yuion/0.project/+Lab/scala/real-world-scala3/modules/shared/target/jvm-3/classes/META-INF/smithy/users.smithy:11:5
[11:38:30] [WARNING] -: Use statement refers to undefined shape: alloy.common#emailFormat | Model /home/yuion/0.project/+Lab/scala/real-world-scala3/modules/shared/target/jvm-3/classes/META-INF/smithy/users.smithy:12:5
[11:38:30] [WARNING] -: Use statement refers to undefined shape: smithy4s.meta#refinement | Model /home/yuion/0.project/+Lab/scala/real-world-scala3/modules/shared/target/jvm-3/classes/META-INF/smithy/_refinements.smithy:4:5
[11:38:30] [WARNING] -: Use statement refers to undefined shape: smithy4s.meta#refinement | Model /home/yuion/0.project/+Lab/scala/real-world-scala3/modules/shared/src/main/smithy/_refinements.smithy:4:5
[11:38:30] [WARNING] -: Use statement refers to undefined shape: smithy4s.meta#refinement | Model /home/yuion/0.project/+Lab/scala/real-world-scala3/modules/shared/target/jvm-3/resource_managed/main/META-INF/smithy/_refinements.smithy:4:5
[11:38:30] [WARNING] -: Use statement refers to undefined shape: alloy#simpleRestJson | Model /home/yuion/0.project/+Lab/scala/real-world-scala3/modules/shared/target/jvm-3/resource_managed/main/META-INF/smithy/hello.smithy:5:5
[11:38:30] [WARNING] -: Use statement refers to undefined shape: alloy#simpleRestJson | Model /home/yuion/0.project/+Lab/scala/real-world-scala3/modules/shared/target/js-3/resource_managed/main/META-INF/smithy/users.smithy:10:5
[11:38:30] [WARNING] -: Use statement refers to undefined shape: alloy#uuidFormat | Model /home/yuion/0.project/+Lab/scala/real-world-scala3/modules/shared/target/js-3/resource_managed/main/META-INF/smithy/users.smithy:11:5
[11:38:30] [WARNING] -: Use statement refers to undefined shape: alloy.common#emailFormat | Model /home/yuion/0.project/+Lab/scala/real-world-scala3/modules/shared/target/js-3/resource_managed/main/META-INF/smithy/users.smithy:12:5
[11:38:30] [WARNING] -: Use statement refers to undefined shape: alloy#simpleRestJson | Model /home/yuion/0.project/+Lab/scala/real-world-scala3/modules/shared/src/main/smithy/users.smithy:10:5
[11:38:30] [WARNING] -: Use statement refers to undefined shape: alloy#uuidFormat | Model /home/yuion/0.project/+Lab/scala/real-world-scala3/modules/shared/src/main/smithy/users.smithy:11:5
[11:38:30] [WARNING] -: Use statement refers to undefined shape: alloy.common#emailFormat | Model /home/yuion/0.project/+Lab/scala/real-world-scala3/modules/shared/src/main/smithy/users.smithy:12:5
[11:38:30] [WARNING] -: Use statement refers to undefined shape: alloy#simpleRestJson | Model /home/yuion/0.project/+Lab/scala/real-world-scala3/modules/shared/target/js-3/resource_managed/main/META-INF/smithy/hello.smithy:5:5
[11:38:30] [WARNING] -: Use statement refers to undefined shape: alloy#simpleRestJson | Model /home/yuion/0.project/+Lab/scala/real-world-scala3/modules/shared/target/js-3/classes/META-INF/smithy/users.smithy:10:5
[11:38:30] [WARNING] -: Use statement refers to undefined shape: alloy#uuidFormat | Model /home/yuion/0.project/+Lab/scala/real-world-scala3/modules/shared/target/js-3/classes/META-INF/smithy/users.smithy:11:5
[11:38:30] [WARNING] -: Use statement refers to undefined shape: alloy.common#emailFormat | Model /home/yuion/0.project/+Lab/scala/real-world-scala3/modules/shared/target/js-3/classes/META-INF/smithy/users.smithy:12:5
[11:38:30] [WARNING] realworld.spec#nonEmptyString: Unable to resolve trait `smithy4s.meta#refinement`. If this is a custom trait, then it must be defined before it can be used in a model. | Model.UnresolvedTrait /home/yuion/0.project/+Lab/scala/real-world-scala3/modules/shared/target/js-3/resource_managed/main/META-INF/smithy/_refinements.smithy:9:37
[11:38:30] [WARNING] realworld.spec#Email: Unable to resolve trait `alloy.common#emailFormat`. If this is a custom trait, then it must be defined before it can be used in a model. | Model.UnresolvedTrait /home/yuion/0.project/+Lab/scala/real-world-scala3/modules/shared/target/jvm-3/resource_managed/main/META-INF/smithy/users.smithy:221:1
[11:38:30] [WARNING] realworld.spec#UserService: Unable to resolve trait `alloy#simpleRestJson`. If this is a custom trait, then it must be defined before it can be used in a model. | Model.UnresolvedTrait /home/yuion/0.project/+Lab/scala/real-world-scala3/modules/shared/target/jvm-3/resource_managed/main/META-INF/smithy/users.smithy:18:1
[11:38:30] [WARNING] realworld.spec#HelloWorldService: Unable to resolve trait `alloy#simpleRestJson`. If this is a custom trait, then it must be defined before it can be used in a model. | Model.UnresolvedTrait /home/yuion/0.project/+Lab/scala/real-world-scala3/modules/shared/target/jvm-3/resource_managed/main/META-INF/smithy/hello.smithy:7:1
[11:38:30] Recompiling /home/yuion/0.project/+Lab/scala/real-world-scala3/modules/shared/src/main/smithy/users.smithy (with temporary content Optional.empty) raised 31  diagnostics
[11:38:30] [SUPPRESSED] realworld.spec#GetProfileInput$auth: `Authorization` is not an allowed HTTP header binding () | HttpHeaderTrait /home/yuion/0.project/+Lab/scala/real-world-scala3/modules/shared/target/jvm-3/resource_managed/main/META-INF/smithy/users.smithy:120:5
[11:38:30] [SUPPRESSED] realworld.spec#GetUserInput$auth: `Authorization` is not an allowed HTTP header binding () | HttpHeaderTrait /home/yuion/0.project/+Lab/scala/real-world-scala3/modules/shared/target/jvm-3/resource_managed/main/META-INF/smithy/users.smithy:130:5
[11:38:30] [SUPPRESSED] realworld.spec#UpdateUserInput$auth: `Authorization` is not an allowed HTTP header binding () | HttpHeaderTrait /home/yuion/0.project/+Lab/scala/real-world-scala3/modules/shared/target/jvm-3/resource_managed/main/META-INF/smithy/users.smithy:177:5
[11:38:30] [SUPPRESSED] realworld.spec#UnfollowUserInput$auth: `Authorization` is not an allowed HTTP header binding () | HttpHeaderTrait /home/yuion/0.project/+Lab/scala/real-world-scala3/modules/shared/target/jvm-3/resource_managed/main/META-INF/smithy/users.smithy:93:5
[11:38:30] [SUPPRESSED] realworld.spec#FollowUserInput$auth: `Authorization` is not an allowed HTTP header binding () | HttpHeaderTrait /home/yuion/0.project/+Lab/scala/real-world-scala3/modules/shared/target/jvm-3/resource_managed/main/META-INF/smithy/users.smithy:107:5
[11:38:30] [WARNING] -: Use statement refers to undefined shape: smithy4s.meta#refinement | Model /home/yuion/0.project/+Lab/scala/real-world-scala3/modules/shared/target/js-3/resource_managed/main/META-INF/smithy/_refinements.smithy:4:5
[11:38:30] [WARNING] -: Use statement refers to undefined shape: alloy#simpleRestJson | Model /home/yuion/0.project/+Lab/scala/real-world-scala3/modules/shared/target/jvm-3/resource_managed/main/META-INF/smithy/users.smithy:10:5
[11:38:30] [WARNING] -: Use statement refers to undefined shape: alloy#uuidFormat | Model /home/yuion/0.project/+Lab/scala/real-world-scala3/modules/shared/target/jvm-3/resource_managed/main/META-INF/smithy/users.smithy:11:5
[11:38:30] [WARNING] -: Use statement refers to undefined shape: alloy.common#emailFormat | Model /home/yuion/0.project/+Lab/scala/real-world-scala3/modules/shared/target/jvm-3/resource_managed/main/META-INF/smithy/users.smithy:12:5
[11:38:30] [WARNING] -: Use statement refers to undefined shape: smithy4s.meta#refinement | Model /home/yuion/0.project/+Lab/scala/real-world-scala3/modules/shared/target/js-3/classes/META-INF/smithy/_refinements.smithy:4:5
[11:38:30] [WARNING] -: Use statement refers to undefined shape: alloy#simpleRestJson | Model /home/yuion/0.project/+Lab/scala/real-world-scala3/modules/shared/target/jvm-3/classes/META-INF/smithy/users.smithy:10:5
[11:38:30] [WARNING] -: Use statement refers to undefined shape: alloy#uuidFormat | Model /home/yuion/0.project/+Lab/scala/real-world-scala3/modules/shared/target/jvm-3/classes/META-INF/smithy/users.smithy:11:5
[11:38:30] [WARNING] -: Use statement refers to undefined shape: alloy.common#emailFormat | Model /home/yuion/0.project/+Lab/scala/real-world-scala3/modules/shared/target/jvm-3/classes/META-INF/smithy/users.smithy:12:5
[11:38:30] [WARNING] -: Use statement refers to undefined shape: smithy4s.meta#refinement | Model /home/yuion/0.project/+Lab/scala/real-world-scala3/modules/shared/target/jvm-3/classes/META-INF/smithy/_refinements.smithy:4:5
[11:38:30] [WARNING] -: Use statement refers to undefined shape: smithy4s.meta#refinement | Model /home/yuion/0.project/+Lab/scala/real-world-scala3/modules/shared/src/main/smithy/_refinements.smithy:4:5
[11:38:30] [WARNING] -: Use statement refers to undefined shape: smithy4s.meta#refinement | Model /home/yuion/0.project/+Lab/scala/real-world-scala3/modules/shared/target/jvm-3/resource_managed/main/META-INF/smithy/_refinements.smithy:4:5
[11:38:30] [WARNING] -: Use statement refers to undefined shape: alloy#simpleRestJson | Model /home/yuion/0.project/+Lab/scala/real-world-scala3/modules/shared/target/jvm-3/resource_managed/main/META-INF/smithy/hello.smithy:5:5
[11:38:30] [WARNING] -: Use statement refers to undefined shape: alloy#simpleRestJson | Model /home/yuion/0.project/+Lab/scala/real-world-scala3/modules/shared/target/js-3/resource_managed/main/META-INF/smithy/users.smithy:10:5
[11:38:30] [WARNING] -: Use statement refers to undefined shape: alloy#uuidFormat | Model /home/yuion/0.project/+Lab/scala/real-world-scala3/modules/shared/target/js-3/resource_managed/main/META-INF/smithy/users.smithy:11:5
[11:38:30] [WARNING] -: Use statement refers to undefined shape: alloy.common#emailFormat | Model /home/yuion/0.project/+Lab/scala/real-world-scala3/modules/shared/target/js-3/resource_managed/main/META-INF/smithy/users.smithy:12:5
[11:38:30] [WARNING] -: Use statement refers to undefined shape: alloy#simpleRestJson | Model /home/yuion/0.project/+Lab/scala/real-world-scala3/modules/shared/src/main/smithy/users.smithy:10:5
[11:38:30] [WARNING] -: Use statement refers to undefined shape: alloy#uuidFormat | Model /home/yuion/0.project/+Lab/scala/real-world-scala3/modules/shared/src/main/smithy/users.smithy:11:5
[11:38:30] [WARNING] -: Use statement refers to undefined shape: alloy.common#emailFormat | Model /home/yuion/0.project/+Lab/scala/real-world-scala3/modules/shared/src/main/smithy/users.smithy:12:5
[11:38:30] [WARNING] -: Use statement refers to undefined shape: alloy#simpleRestJson | Model /home/yuion/0.project/+Lab/scala/real-world-scala3/modules/shared/target/js-3/resource_managed/main/META-INF/smithy/hello.smithy:5:5
[11:38:30] [WARNING] -: Use statement refers to undefined shape: alloy#simpleRestJson | Model /home/yuion/0.project/+Lab/scala/real-world-scala3/modules/shared/target/js-3/classes/META-INF/smithy/users.smithy:10:5
[11:38:30] [WARNING] -: Use statement refers to undefined shape: alloy#uuidFormat | Model /home/yuion/0.project/+Lab/scala/real-world-scala3/modules/shared/target/js-3/classes/META-INF/smithy/users.smithy:11:5
[11:38:31] [WARNING] -: Use statement refers to undefined shape: alloy.common#emailFormat | Model /home/yuion/0.project/+Lab/scala/real-world-scala3/modules/shared/target/js-3/classes/META-INF/smithy/users.smithy:12:5
[11:38:31] [WARNING] realworld.spec#nonEmptyString: Unable to resolve trait `smithy4s.meta#refinement`. If this is a custom trait, then it must be defined before it can be used in a model. | Model.UnresolvedTrait /home/yuion/0.project/+Lab/scala/real-world-scala3/modules/shared/target/js-3/resource_managed/main/META-INF/smithy/_refinements.smithy:9:37
[11:38:31] [WARNING] realworld.spec#Email: Unable to resolve trait `alloy.common#emailFormat`. If this is a custom trait, then it must be defined before it can be used in a model. | Model.UnresolvedTrait /home/yuion/0.project/+Lab/scala/real-world-scala3/modules/shared/target/jvm-3/resource_managed/main/META-INF/smithy/users.smithy:221:1
[11:38:31] [WARNING] realworld.spec#UserService: Unable to resolve trait `alloy#simpleRestJson`. If this is a custom trait, then it must be defined before it can be used in a model. | Model.UnresolvedTrait /home/yuion/0.project/+Lab/scala/real-world-scala3/modules/shared/target/jvm-3/resource_managed/main/META-INF/smithy/users.smithy:18:1
[11:38:31] [WARNING] realworld.spec#HelloWorldService: Unable to resolve trait `alloy#simpleRestJson`. If this is a custom trait, then it must be defined before it can be used in a model. | Model.UnresolvedTrait /home/yuion/0.project/+Lab/scala/real-world-scala3/modules/shared/target/jvm-3/resource_managed/main/META-INF/smithy/hello.smithy:7:1
[11:38:31] Recompiling /home/yuion/0.project/+Lab/scala/real-world-scala3/modules/shared/target/js-3/classes/META-INF/smithy/users.smithy (with temporary content Optional.empty) raised 31  diagnostics
